Arguments: 
  /usr/local/bin/node /usr/local/bin/yarn add formik yup

PATH: 
  /Users/alvaro/.composer/vendor/bin:/usr/local/bin:/usr/local/bin:/System/Cryptexes/App/usr/bin:/usr/bin:/bin:/usr/sbin:/sbin

Yarn version: 
  1.22.19

Node version: 
  18.14.2

Platform: 
  darwin x64

Trace: 
  Error: EACCES: permission denied, mkdir '/Users/alvaro/Documents/GitHub/React-Native-Application/node_modules/@babel/core/node_modules'

npm manifest: 
  {
    "name": "react-native-application",
    "version": "1.0.0",
    "main": "node_modules/expo/AppEntry.js",
    "scripts": {
      "start": "expo start",
      "android": "expo start --android",
      "ios": "expo start --ios",
      "web": "expo start --web"
    },
    "dependencies": {
      "@expo/webpack-config": "^0.17.2",
      "@react-navigation/native": "^6.1.6",
      "@react-navigation/native-stack": "^6.9.12",
      "expo": "~47.0.12",
      "expo-status-bar": "~1.4.2",
      "react": "18.1.0",
      "react-dom": "18.1.0",
      "react-native": "0.70.5",
      "react-native-safe-area-context": "4.4.1",
      "react-native-screens": "~3.18.0",
      "react-native-web": "~0.18.9"
    },
    "devDependencies": {
      "@babel/core": "^7.12.9"
    },
    "private": true
  }

yarn manifest: 
  No manifest

Lockfile: 
  No lockfile
